[debug] [2020-11-25T16:33:49.358Z] ----------------------------------------------------------------------
[debug] [2020-11-25T16:33:49.360Z] Command:       C:\Program Files\nodejs\node.exe C:\Users\feris\AppData\Roaming\npm\node_modules\firebase-tools\lib\bin\firebase.js init
[debug] [2020-11-25T16:33:49.360Z] CLI Version:   8.16.2
[debug] [2020-11-25T16:33:49.360Z] Platform:      win32
[debug] [2020-11-25T16:33:49.360Z] Node Version:  v15.0.1
[debug] [2020-11-25T16:33:49.362Z] Time:          Wed Nov 25 2020 10:33:49 GMT-0600 (hora estándar central)
[debug] [2020-11-25T16:33:49.362Z] ----------------------------------------------------------------------
[debug] [2020-11-25T16:33:49.362Z]
[debug] [2020-11-25T16:33:49.368Z] > command requires scopes: ["email","openid","https://www.googleapis.com/auth/cloudplatformprojects.readonly","https://www.googleapis.com/auth/firebase","https://www.googleapis.com/auth/cloud-platform"]
[debug] [2020-11-25T16:33:49.368Z] > authorizing via signed-in user
[info]
     ######## #### ########  ######## ########     ###     ######  ########
     ##        ##  ##     ## ##       ##     ##  ##   ##  ##       ##
     ######    ##  ########  ######   ########  #########  ######  ######
     ##        ##  ##    ##  ##       ##     ## ##     ##       ## ##
     ##       #### ##     ## ######## ########  ##     ##  ######  ########

You're about to initialize a Firebase project in this directory:

  C:\develop\pechblenda\urxnium\urxnium-cli

Before we get started, keep in mind:

  * You are currently outside your home directory

